<?xml version="1.0" encoding="UTF-8"?>
<!-- Generated by org.testng.reporters.JUnitReportReporter -->
<testsuite hostname="DESKTOP-40TAOVD" failures="0" tests="1" name="com.actitime.testscript.CreateCustomer" time="0.023" errors="0" timestamp="2024-01-05T12:40:48 IST" skipped="0">
  <testcase classname="com.actitime.testscript.CreateCustomer" name="createCustomer" time="0.023"/>
  <system-out>
    <![CDATA[Creating Customer]]>
  </system-out>
</testsuite> <!-- com.actitime.testscript.CreateCustomer -->
